Thunar
alacritty
alsa-plugins-pulseaudio
anaconda
anaconda-install-env-deps
anaconda-live
arandr
autoconf
brightlight
chkconfig
cmake
containerd.io
deepin-screenshot
dex-autostart
docker-ce
docker-ce-cli
dolphin
dracut-live
emoji-picker
fedora-workstation-repositories
feh
flash-plugin
fontconfig-devel
freetype-devel
fzf
gcc-c++
git
gnome-font-viewer
gnome-keyring-pam
google-chrome-stable
i3-gaps
initscripts
kernel-modules-extra
langpacks-en
libxcb-devel
libxkbcommon-devel
lpf-spotify-client
nautilus
neovim
npm
php
php-mysqlnd
picom
python2.7
redhat-lsb-core
remi-release
rofi
rofimoji
rpmfusion-free-release
rpmfusion-nonfree-release
rpmsphere-release
snapd
spotify-client
system-config-printer
telegram-desktop
terminator
ulauncher
unetbootin
xcompmgr
xinput
xorg-x11-drv-synaptics-legacy
zsh
